<?xml version="1.0" encoding="UTF-8"?>
<coverage generated="1575837516543" clover="3.2.0">
  <project timestamp="1575837516543" name="All files">
    <metrics statements="7" coveredstatements="5" conditionals="0" coveredconditionals="0" methods="2" coveredmethods="1" elements="9" coveredelements="6" complexity="0" loc="7" ncloc="7" packages="1" files="1" classes="1">
      <file name="example-component.tsx" path="/Users/jake/Projects/blueeye-ui/src/components/example-component/example-component.tsx">
        <metrics statements="7" coveredstatements="5" conditionals="0" coveredconditionals="0" methods="2" coveredmethods="1"/>
        <line num="5" count="1" type="stmt"/>
        <line num="6" count="1" type="stmt"/>
        <line num="9" count="1" type="stmt"/>
        <line num="10" count="1" type="stmt"/>
        <line num="11" count="0" type="stmt"/>
        <line num="13" count="0" type="stmt"/>
        <line num="19" count="1" type="stmt"/>
      </file>
    </metrics>
  </project>
</coverage>
