{"/Users/jake/Projects/blueeye-ui/src/components/example-component/example-component.tsx": {"path":"/Users/jake/Projects/blueeye-ui/src/components/example-component/example-component.tsx","statementMap":{"0":{"start":{"line":5,"column":0},"end":{"line":5,"column":29}},"1":{"start":{"line":6,"column":0},"end":{"line":6,"column":32}},"2":{"start":{"line":9,"column":0},"end":{"line":9,"column":53}},"3":{"start":{"line":9,"column":38},"end":{"line":9,"column":60}},"4":{"start":{"line":10,"column":2},"end":{"line":18,"column":3}},"5":{"start":{"line":11,"column":12},"end":{"line":11,"column":16}},"6":{"start":{"line":13,"column":4},"end":{"line":17,"column":5}},"7":{"start":{"line":19,"column":0},"end":{"line":19,"column":1}},"8":{"start":{"line":9,"column":13},"end":{"line":9,"column":29}}},"fnMap":{"0":{"name":"(anonymous_5)","decl":{"start":{"line":9,"column":0},"end":{"line":null,"column":-1}},"loc":{"start":{"line":9,"column":0},"end":{"line":9,"column":-1}}},"1":{"name":"(anonymous_7)","decl":{"start":{"line":10,"column":2},"end":{"line":null,"column":-1}},"loc":{"start":{"line":10,"column":2},"end":{"line":18,"column":3}}}},"branchMap":{},"s":{"0":1,"1":1,"2":1,"3":1,"4":1,"5":0,"6":0,"7":1,"8":1},"f":{"0":1,"1":0},"b":{}}
}
